<?xml version="1.0" encoding="UTF-8"?>
<!-- Generated by org.testng.reporters.JUnitReportReporter -->
<testsuite skipped="0" hostname="MANOJKUMAR" name="com.testautomation.TestScripts.Demo1" tests="1" failures="0" timestamp="2019-09-24T08:54:15 IST" time="75.074" errors="0">
  <testcase name="Test1" time="75.074" classname="com.testautomation.TestScripts.Demo1"/>
</testsuite> <!-- com.testautomation.TestScripts.Demo1 -->
